2025-10-13 00:23:46,590 - aqt.main - INFO - installer 140505214643072 aqtinstall(aqt) v3.1.21 on Python 3.11.13 [CPython GCC 13.3.0]
2025-10-13 00:23:46,591 - aqt.helper - DEBUG - helper 140505214643072 Attempt to download checksum at https://download.qt.io/online/qtsdkrepository/linux_x64/desktop/qt6_683/qt6_683/Updates.xml.sha256
2025-10-13 00:23:48,148 - aqt.helper - DEBUG - helper 140505214643072 Attempt to download checksum at https://download.qt.io/online/qtsdkrepository/linux_x64/extensions/qtwebengine/683/x86_64/Updates.xml.sha256
2025-10-13 00:23:49,251 - aqt.archives - INFO - archives 140505214643072 Found extension qtwebengine
2025-10-13 00:23:49,252 - aqt.helper - DEBUG - helper 140505214643072 Attempt to download checksum at https://download.qt.io/online/qtsdkrepository/linux_x64/extensions/qtpdf/683/x86_64/Updates.xml.sha256
2025-10-13 00:23:50,243 - aqt.archives - INFO - archives 140505214643072 Found extension qtpdf
2025-10-13 00:23:50,893 - aqt.helper - DEBUG - helper 139644968496000 Attempt to download checksum at https://download.qt.io/online/qtsdkrepository/linux_x64/desktop/qt6_683/qt6_683/qt.qt6.683.linux_gcc_64/6.8.3-0-202503201345qtsvg-Linux-RHEL_8_10-GCC-Linux-RHEL_8_10-X86_64.7z.sha256
2025-10-13 00:23:50,893 - aqt.helper - DEBUG - helper 140592881867648 Attempt to download checksum at https://download.qt.io/online/qtsdkrepository/linux_x64/desktop/qt6_683/qt6_683/qt.qt6.683.linux_gcc_64/6.8.3-0-202503201345qtbase-Linux-RHEL_8_10-GCC-Linux-RHEL_8_10-X86_64.7z.sha256
2025-10-13 00:23:50,902 - aqt.helper - DEBUG - helper 140178714504064 Attempt to download checksum at https://download.qt.io/online/qtsdkrepository/linux_x64/desktop/qt6_683/qt6_683/qt.qt6.683.linux_gcc_64/6.8.3-0-202503201345qtdeclarative-Linux-RHEL_8_10-GCC-Linux-RHEL_8_10-X86_64.7z.sha256
2025-10-13 00:23:50,904 - aqt.helper - DEBUG - helper 140492800830336 Attempt to download checksum at https://download.qt.io/online/qtsdkrepository/linux_x64/desktop/qt6_683/qt6_683/qt.qt6.683.linux_gcc_64/6.8.3-0-202503201345qttools-Linux-RHEL_8_10-GCC-Linux-RHEL_8_10-X86_64.7z.sha256
2025-10-13 00:23:51,451 - aqt.helper - INFO - helper 139644968496000 Downloading qtsvg...
2025-10-13 00:23:51,451 - aqt.helper - INFO - helper 140178714504064 Downloading qtdeclarative...
2025-10-13 00:23:51,451 - aqt.installer - DEBUG - installer 139644968496000 Download URL: https://download.qt.io/online/qtsdkrepository/linux_x64/desktop/qt6_683/qt6_683/qt.qt6.683.linux_gcc_64/6.8.3-0-202503201345qtsvg-Linux-RHEL_8_10-GCC-Linux-RHEL_8_10-X86_64.7z
2025-10-13 00:23:51,452 - aqt.installer - DEBUG - installer 140178714504064 Download URL: https://download.qt.io/online/qtsdkrepository/linux_x64/desktop/qt6_683/qt6_683/qt.qt6.683.linux_gcc_64/6.8.3-0-202503201345qtdeclarative-Linux-RHEL_8_10-GCC-Linux-RHEL_8_10-X86_64.7z
2025-10-13 00:23:51,519 - aqt.helper - INFO - helper 140492800830336 Downloading qttools...
2025-10-13 00:23:51,519 - aqt.installer - DEBUG - installer 140492800830336 Download URL: https://download.qt.io/online/qtsdkrepository/linux_x64/desktop/qt6_683/qt6_683/qt.qt6.683.linux_gcc_64/6.8.3-0-202503201345qttools-Linux-RHEL_8_10-GCC-Linux-RHEL_8_10-X86_64.7z
2025-10-13 00:23:51,522 - aqt.helper - INFO - helper 140592881867648 Downloading qtbase...
2025-10-13 00:23:51,523 - aqt.installer - DEBUG - installer 140592881867648 Download URL: https://download.qt.io/online/qtsdkrepository/linux_x64/desktop/qt6_683/qt6_683/qt.qt6.683.linux_gcc_64/6.8.3-0-202503201345qtbase-Linux-RHEL_8_10-GCC-Linux-RHEL_8_10-X86_64.7z
2025-10-13 00:23:51,971 - aqt.helper - DEBUG - helper 139644968496000 Asked to redirect(302) to: https://qt.mirror.constant.com/online/qtsdkrepository/linux_x64/desktop/qt6_683/qt6_683/qt.qt6.683.linux_gcc_64/6.8.3-0-202503201345qtsvg-Linux-RHEL_8_10-GCC-Linux-RHEL_8_10-X86_64.7z
2025-10-13 00:23:51,971 - aqt.helper - INFO - helper 139644968496000 Redirected: qt.mirror.constant.com
2025-10-13 00:23:51,976 - aqt.helper - DEBUG - helper 140178714504064 Asked to redirect(302) to: https://qt.mirror.constant.com/online/qtsdkrepository/linux_x64/desktop/qt6_683/qt6_683/qt.qt6.683.linux_gcc_64/6.8.3-0-202503201345qtdeclarative-Linux-RHEL_8_10-GCC-Linux-RHEL_8_10-X86_64.7z
2025-10-13 00:23:51,976 - aqt.helper - INFO - helper 140178714504064 Redirected: qt.mirror.constant.com
2025-10-13 00:23:52,095 - aqt.helper - DEBUG - helper 140592881867648 Asked to redirect(302) to: https://qt.mirror.constant.com/online/qtsdkrepository/linux_x64/desktop/qt6_683/qt6_683/qt.qt6.683.linux_gcc_64/6.8.3-0-202503201345qtbase-Linux-RHEL_8_10-GCC-Linux-RHEL_8_10-X86_64.7z
2025-10-13 00:23:52,095 - aqt.helper - INFO - helper 140592881867648 Redirected: qt.mirror.constant.com
2025-10-13 00:23:52,095 - aqt.helper - DEBUG - helper 140492800830336 Asked to redirect(302) to: https://qt.mirror.constant.com/online/qtsdkrepository/linux_x64/desktop/qt6_683/qt6_683/qt.qt6.683.linux_gcc_64/6.8.3-0-202503201345qttools-Linux-RHEL_8_10-GCC-Linux-RHEL_8_10-X86_64.7z
2025-10-13 00:23:52,095 - aqt.helper - INFO - helper 140492800830336 Redirected: qt.mirror.constant.com
2025-10-13 00:23:52,514 - aqt.installer - INFO - installer 139644968496000 Finished installation of qtsvg-Linux-RHEL_8_10-GCC-Linux-RHEL_8_10-X86_64.7z in 1.62290744
2025-10-13 00:23:52,531 - aqt.helper - DEBUG - helper 139644968496000 Attempt to download checksum at https://download.qt.io/online/qtsdkrepository/linux_x64/desktop/qt6_683/qt6_683/qt.qt6.683.linux_gcc_64/6.8.3-0-202503201345qttranslations-Linux-RHEL_8_10-GCC-Linux-RHEL_8_10-X86_64.7z.sha256
2025-10-13 00:23:53,133 - aqt.helper - INFO - helper 139644968496000 Downloading qttranslations...
2025-10-13 00:23:53,133 - aqt.installer - DEBUG - installer 139644968496000 Download URL: https://download.qt.io/online/qtsdkrepository/linux_x64/desktop/qt6_683/qt6_683/qt.qt6.683.linux_gcc_64/6.8.3-0-202503201345qttranslations-Linux-RHEL_8_10-GCC-Linux-RHEL_8_10-X86_64.7z
2025-10-13 00:23:53,777 - aqt.helper - DEBUG - helper 139644968496000 Asked to redirect(302) to: https://qt.mirror.constant.com/online/qtsdkrepository/linux_x64/desktop/qt6_683/qt6_683/qt.qt6.683.linux_gcc_64/6.8.3-0-202503201345qttranslations-Linux-RHEL_8_10-GCC-Linux-RHEL_8_10-X86_64.7z
2025-10-13 00:23:53,777 - aqt.helper - INFO - helper 139644968496000 Redirected: qt.mirror.constant.com
2025-10-13 00:23:54,412 - aqt.installer - INFO - installer 139644968496000 Finished installation of qttranslations-Linux-RHEL_8_10-GCC-Linux-RHEL_8_10-X86_64.7z in 1.88258880
2025-10-13 00:23:54,425 - aqt.helper - DEBUG - helper 139644968496000 Attempt to download checksum at https://download.qt.io/online/qtsdkrepository/linux_x64/desktop/qt6_683/qt6_683/qt.qt6.683.linux_gcc_64/6.8.3-0-202503201345qtwayland-Linux-RHEL_8_10-GCC-Linux-RHEL_8_10-X86_64.7z.sha256
2025-10-13 00:23:54,881 - aqt.helper - INFO - helper 139644968496000 Downloading qtwayland...
2025-10-13 00:23:54,882 - aqt.installer - DEBUG - installer 139644968496000 Download URL: https://download.qt.io/online/qtsdkrepository/linux_x64/desktop/qt6_683/qt6_683/qt.qt6.683.linux_gcc_64/6.8.3-0-202503201345qtwayland-Linux-RHEL_8_10-GCC-Linux-RHEL_8_10-X86_64.7z
2025-10-13 00:23:55,335 - aqt.installer - INFO - installer 140592881867648 Finished installation of qtbase-Linux-RHEL_8_10-GCC-Linux-RHEL_8_10-X86_64.7z in 4.44432822
2025-10-13 00:23:55,352 - aqt.helper - DEBUG - helper 140592881867648 Attempt to download checksum at https://download.qt.io/online/qtsdkrepository/linux_x64/desktop/qt6_683/qt6_683/qt.qt6.683.linux_gcc_64/6.8.3-0-202503201345icu-linux-Rhel8.6-x86_64.7z.sha256
2025-10-13 00:23:55,421 - aqt.installer - INFO - installer 140492800830336 Finished installation of qttools-Linux-RHEL_8_10-GCC-Linux-RHEL_8_10-X86_64.7z in 4.51881940
2025-10-13 00:23:55,518 - aqt.helper - DEBUG - helper 139644968496000 Asked to redirect(302) to: https://qt.mirror.constant.com/online/qtsdkrepository/linux_x64/desktop/qt6_683/qt6_683/qt.qt6.683.linux_gcc_64/6.8.3-0-202503201345qtwayland-Linux-RHEL_8_10-GCC-Linux-RHEL_8_10-X86_64.7z
2025-10-13 00:23:55,518 - aqt.helper - INFO - helper 139644968496000 Redirected: qt.mirror.constant.com
2025-10-13 00:23:55,772 - aqt.installer - INFO - installer 139644968496000 Finished installation of qtwayland-Linux-RHEL_8_10-GCC-Linux-RHEL_8_10-X86_64.7z in 1.34855451
2025-10-13 00:23:55,790 - aqt.helper - INFO - helper 140592881867648 Downloading icu...
2025-10-13 00:23:55,790 - aqt.installer - DEBUG - installer 140592881867648 Download URL: https://download.qt.io/online/qtsdkrepository/linux_x64/desktop/qt6_683/qt6_683/qt.qt6.683.linux_gcc_64/6.8.3-0-202503201345icu-linux-Rhel8.6-x86_64.7z
2025-10-13 00:23:56,228 - aqt.helper - DEBUG - helper 140592881867648 Asked to redirect(302) to: https://qt.mirror.constant.com/online/qtsdkrepository/linux_x64/desktop/qt6_683/qt6_683/qt.qt6.683.linux_gcc_64/6.8.3-0-202503201345icu-linux-Rhel8.6-x86_64.7z
2025-10-13 00:23:56,228 - aqt.helper - INFO - helper 140592881867648 Redirected: qt.mirror.constant.com
2025-10-13 00:23:57,414 - aqt.installer - INFO - installer 140592881867648 Finished installation of icu-linux-Rhel8.6-x86_64.7z in 2.06538690
2025-10-13 00:24:06,935 - aqt.installer - INFO - installer 140178714504064 Finished installation of qtdeclarative-Linux-RHEL_8_10-GCC-Linux-RHEL_8_10-X86_64.7z in 16.03486141
2025-10-13 00:24:07,021 - aqt.updater - INFO - updater 140505214643072 Patching /home/runner/work/TigertCAD/Qt/6.8.3/gcc_64/bin/qmake
2025-10-13 00:24:07,025 - aqt.updater - INFO - updater 140505214643072 Patching /home/runner/work/TigertCAD/Qt/6.8.3/gcc_64/lib/pkgconfig/Qt6Sql.pc
2025-10-13 00:24:07,026 - aqt.updater - INFO - updater 140505214643072 Patching /home/runner/work/TigertCAD/Qt/6.8.3/gcc_64/lib/pkgconfig/Qt6Core.pc
2025-10-13 00:24:07,026 - aqt.updater - INFO - updater 140505214643072 Patching /home/runner/work/TigertCAD/Qt/6.8.3/gcc_64/lib/pkgconfig/Qt6SvgWidgets.pc
2025-10-13 00:24:07,026 - aqt.updater - INFO - updater 140505214643072 Patching /home/runner/work/TigertCAD/Qt/6.8.3/gcc_64/lib/pkgconfig/Qt6DBus.pc
2025-10-13 00:24:07,026 - aqt.updater - INFO - updater 140505214643072 Patching /home/runner/work/TigertCAD/Qt/6.8.3/gcc_64/lib/pkgconfig/Qt6Platform.pc
2025-10-13 00:24:07,027 - aqt.updater - INFO - updater 140505214643072 Patching /home/runner/work/TigertCAD/Qt/6.8.3/gcc_64/lib/pkgconfig/Qt6Qml.pc
2025-10-13 00:24:07,027 - aqt.updater - INFO - updater 140505214643072 Patching /home/runner/work/TigertCAD/Qt/6.8.3/gcc_64/lib/pkgconfig/Qt6UiPlugin.pc
2025-10-13 00:24:07,027 - aqt.updater - INFO - updater 140505214643072 Patching /home/runner/work/TigertCAD/Qt/6.8.3/gcc_64/lib/pkgconfig/Qt6QuickControls2UniversalStyleImpl.pc
2025-10-13 00:24:07,027 - aqt.updater - INFO - updater 140505214643072 Patching /home/runner/work/TigertCAD/Qt/6.8.3/gcc_64/lib/pkgconfig/Qt6QuickControls2BasicStyleImpl.pc
2025-10-13 00:24:07,028 - aqt.updater - INFO - updater 140505214643072 Patching /home/runner/work/TigertCAD/Qt/6.8.3/gcc_64/lib/pkgconfig/Qt6QuickControls2.pc
2025-10-13 00:24:07,028 - aqt.updater - INFO - updater 140505214643072 Patching /home/runner/work/TigertCAD/Qt/6.8.3/gcc_64/lib/pkgconfig/Qt6QuickControls2Fusion.pc
2025-10-13 00:24:07,028 - aqt.updater - INFO - updater 140505214643072 Patching /home/runner/work/TigertCAD/Qt/6.8.3/gcc_64/lib/pkgconfig/Qt6Network.pc
2025-10-13 00:24:07,028 - aqt.updater - INFO - updater 140505214643072 Patching /home/runner/work/TigertCAD/Qt/6.8.3/gcc_64/lib/pkgconfig/Qt6Help.pc
2025-10-13 00:24:07,028 - aqt.updater - INFO - updater 140505214643072 Patching /home/runner/work/TigertCAD/Qt/6.8.3/gcc_64/lib/pkgconfig/Qt6LabsWavefrontMesh.pc
2025-10-13 00:24:07,029 - aqt.updater - INFO - updater 140505214643072 Patching /home/runner/work/TigertCAD/Qt/6.8.3/gcc_64/lib/pkgconfig/Qt6QuickWidgets.pc
2025-10-13 00:24:07,029 - aqt.updater - INFO - updater 140505214643072 Patching /home/runner/work/TigertCAD/Qt/6.8.3/gcc_64/lib/pkgconfig/Qt6QuickDialogs2.pc
2025-10-13 00:24:07,029 - aqt.updater - INFO - updater 140505214643072 Patching /home/runner/work/TigertCAD/Qt/6.8.3/gcc_64/lib/pkgconfig/Qt6QuickControls2Material.pc
2025-10-13 00:24:07,029 - aqt.updater - INFO - updater 140505214643072 Patching /home/runner/work/TigertCAD/Qt/6.8.3/gcc_64/lib/pkgconfig/Qt6Xml.pc
2025-10-13 00:24:07,030 - aqt.updater - INFO - updater 140505214643072 Patching /home/runner/work/TigertCAD/Qt/6.8.3/gcc_64/lib/pkgconfig/Qt6QuickTemplates2.pc
2025-10-13 00:24:07,030 - aqt.updater - INFO - updater 140505214643072 Patching /home/runner/work/TigertCAD/Qt/6.8.3/gcc_64/lib/pkgconfig/Qt6UiTools.pc
2025-10-13 00:24:07,030 - aqt.updater - INFO - updater 140505214643072 Patching /home/runner/work/TigertCAD/Qt/6.8.3/gcc_64/lib/pkgconfig/Qt6Gui.pc
2025-10-13 00:24:07,030 - aqt.updater - INFO - updater 140505214643072 Patching /home/runner/work/TigertCAD/Qt/6.8.3/gcc_64/lib/pkgconfig/Qt6QuickControls2FluentWinUI3StyleImpl.pc
2025-10-13 00:24:07,030 - aqt.updater - INFO - updater 140505214643072 Patching /home/runner/work/TigertCAD/Qt/6.8.3/gcc_64/lib/pkgconfig/Qt6Designer.pc
2025-10-13 00:24:07,031 - aqt.updater - INFO - updater 140505214643072 Patching /home/runner/work/TigertCAD/Qt/6.8.3/gcc_64/lib/pkgconfig/Qt6QuickLayouts.pc
2025-10-13 00:24:07,031 - aqt.updater - INFO - updater 140505214643072 Patching /home/runner/work/TigertCAD/Qt/6.8.3/gcc_64/lib/pkgconfig/Qt6QmlIntegration.pc
2025-10-13 00:24:07,031 - aqt.updater - INFO - updater 140505214643072 Patching /home/runner/work/TigertCAD/Qt/6.8.3/gcc_64/lib/pkgconfig/Qt6PrintSupport.pc
2025-10-13 00:24:07,031 - aqt.updater - INFO - updater 140505214643072 Patching /home/runner/work/TigertCAD/Qt/6.8.3/gcc_64/lib/pkgconfig/Qt6LabsAnimation.pc
2025-10-13 00:24:07,032 - aqt.updater - INFO - updater 140505214643072 Patching /home/runner/work/TigertCAD/Qt/6.8.3/gcc_64/lib/pkgconfig/Qt6LabsSettings.pc
2025-10-13 00:24:07,032 - aqt.updater - INFO - updater 140505214643072 Patching /home/runner/work/TigertCAD/Qt/6.8.3/gcc_64/lib/pkgconfig/Qt6QuickControls2Universal.pc
2025-10-13 00:24:07,032 - aqt.updater - INFO - updater 140505214643072 Patching /home/runner/work/TigertCAD/Qt/6.8.3/gcc_64/lib/pkgconfig/Qt6Linguist.pc
2025-10-13 00:24:07,032 - aqt.updater - INFO - updater 140505214643072 Patching /home/runner/work/TigertCAD/Qt/6.8.3/gcc_64/lib/pkgconfig/Qt6QmlNetwork.pc
2025-10-13 00:24:07,032 - aqt.updater - INFO - updater 140505214643072 Patching /home/runner/work/TigertCAD/Qt/6.8.3/gcc_64/lib/pkgconfig/Qt6LabsFolderListModel.pc
2025-10-13 00:24:07,033 - aqt.updater - INFO - updater 140505214643072 Patching /home/runner/work/TigertCAD/Qt/6.8.3/gcc_64/lib/pkgconfig/Qt6QmlAssetDownloader.pc
2025-10-13 00:24:07,033 - aqt.updater - INFO - updater 140505214643072 Patching /home/runner/work/TigertCAD/Qt/6.8.3/gcc_64/lib/pkgconfig/Qt6QmlXmlListModel.pc
2025-10-13 00:24:07,033 - aqt.updater - INFO - updater 140505214643072 Patching /home/runner/work/TigertCAD/Qt/6.8.3/gcc_64/lib/pkgconfig/Qt6Concurrent.pc
2025-10-13 00:24:07,033 - aqt.updater - INFO - updater 140505214643072 Patching /home/runner/work/TigertCAD/Qt/6.8.3/gcc_64/lib/pkgconfig/Qt6OpenGL.pc
2025-10-13 00:24:07,034 - aqt.updater - INFO - updater 140505214643072 Patching /home/runner/work/TigertCAD/Qt/6.8.3/gcc_64/lib/pkgconfig/Qt6LabsQmlModels.pc
2025-10-13 00:24:07,034 - aqt.updater - INFO - updater 140505214643072 Patching /home/runner/work/TigertCAD/Qt/6.8.3/gcc_64/lib/pkgconfig/Qt6QuickVectorImage.pc
2025-10-13 00:24:07,034 - aqt.updater - INFO - updater 140505214643072 Patching /home/runner/work/TigertCAD/Qt/6.8.3/gcc_64/lib/pkgconfig/Qt6QuickControls2Imagine.pc
2025-10-13 00:24:07,034 - aqt.updater - INFO - updater 140505214643072 Patching /home/runner/work/TigertCAD/Qt/6.8.3/gcc_64/lib/pkgconfig/Qt6WaylandClient.pc
2025-10-13 00:24:07,035 - aqt.updater - INFO - updater 140505214643072 Patching /home/runner/work/TigertCAD/Qt/6.8.3/gcc_64/lib/pkgconfig/Qt6Svg.pc
2025-10-13 00:24:07,035 - aqt.updater - INFO - updater 140505214643072 Patching /home/runner/work/TigertCAD/Qt/6.8.3/gcc_64/lib/pkgconfig/Qt6QuickControls2MaterialStyleImpl.pc
2025-10-13 00:24:07,035 - aqt.updater - INFO - updater 140505214643072 Patching /home/runner/work/TigertCAD/Qt/6.8.3/gcc_64/lib/pkgconfig/Qt6QmlMeta.pc
2025-10-13 00:24:07,035 - aqt.updater - INFO - updater 140505214643072 Patching /home/runner/work/TigertCAD/Qt/6.8.3/gcc_64/lib/pkgconfig/Qt6Test.pc
2025-10-13 00:24:07,035 - aqt.updater - INFO - updater 140505214643072 Patching /home/runner/work/TigertCAD/Qt/6.8.3/gcc_64/lib/pkgconfig/Qt6Quick.pc
2025-10-13 00:24:07,036 - aqt.updater - INFO - updater 140505214643072 Patching /home/runner/work/TigertCAD/Qt/6.8.3/gcc_64/lib/pkgconfig/Qt6LabsPlatform.pc
2025-10-13 00:24:07,036 - aqt.updater - INFO - updater 140505214643072 Patching /home/runner/work/TigertCAD/Qt/6.8.3/gcc_64/lib/pkgconfig/Qt6QmlLocalStorage.pc
2025-10-13 00:24:07,036 - aqt.updater - INFO - updater 140505214643072 Patching /home/runner/work/TigertCAD/Qt/6.8.3/gcc_64/lib/pkgconfig/Qt6Widgets.pc
2025-10-13 00:24:07,036 - aqt.updater - INFO - updater 140505214643072 Patching /home/runner/work/TigertCAD/Qt/6.8.3/gcc_64/lib/pkgconfig/Qt6QmlCore.pc
2025-10-13 00:24:07,037 - aqt.updater - INFO - updater 140505214643072 Patching /home/runner/work/TigertCAD/Qt/6.8.3/gcc_64/lib/pkgconfig/Qt6LabsSharedImage.pc
2025-10-13 00:24:07,037 - aqt.updater - INFO - updater 140505214643072 Patching /home/runner/work/TigertCAD/Qt/6.8.3/gcc_64/lib/pkgconfig/Qt6OpenGLWidgets.pc
2025-10-13 00:24:07,037 - aqt.updater - INFO - updater 140505214643072 Patching /home/runner/work/TigertCAD/Qt/6.8.3/gcc_64/lib/pkgconfig/Qt6QuickControls2Impl.pc
2025-10-13 00:24:07,037 - aqt.updater - INFO - updater 140505214643072 Patching /home/runner/work/TigertCAD/Qt/6.8.3/gcc_64/lib/pkgconfig/Qt6QmlCompiler.pc
2025-10-13 00:24:07,038 - aqt.updater - INFO - updater 140505214643072 Patching /home/runner/work/TigertCAD/Qt/6.8.3/gcc_64/lib/pkgconfig/Qt6QuickDialogs2Utils.pc
2025-10-13 00:24:07,038 - aqt.updater - INFO - updater 140505214643072 Patching /home/runner/work/TigertCAD/Qt/6.8.3/gcc_64/lib/pkgconfig/Qt6QuickDialogs2QuickImpl.pc
2025-10-13 00:24:07,038 - aqt.updater - INFO - updater 140505214643072 Patching /home/runner/work/TigertCAD/Qt/6.8.3/gcc_64/lib/pkgconfig/Qt6QuickControls2Basic.pc
2025-10-13 00:24:07,038 - aqt.updater - INFO - updater 140505214643072 Patching /home/runner/work/TigertCAD/Qt/6.8.3/gcc_64/lib/pkgconfig/Qt6QuickControls2FusionStyleImpl.pc
2025-10-13 00:24:07,038 - aqt.updater - INFO - updater 140505214643072 Patching /home/runner/work/TigertCAD/Qt/6.8.3/gcc_64/lib/pkgconfig/Qt6QmlWorkerScript.pc
2025-10-13 00:24:07,039 - aqt.updater - INFO - updater 140505214643072 Patching /home/runner/work/TigertCAD/Qt/6.8.3/gcc_64/lib/pkgconfig/Qt6QuickTest.pc
2025-10-13 00:24:07,039 - aqt.updater - INFO - updater 140505214643072 Patching /home/runner/work/TigertCAD/Qt/6.8.3/gcc_64/lib/pkgconfig/Qt6QuickControls2ImagineStyleImpl.pc
2025-10-13 00:24:07,039 - aqt.updater - INFO - updater 140505214643072 Patching /home/runner/work/TigertCAD/Qt/6.8.3/gcc_64/lib/pkgconfig/Qt6QmlModels.pc
2025-10-13 00:24:07,040 - aqt.updater - INFO - updater 140505214643072 Patching /home/runner/work/TigertCAD/Qt/6.8.3/gcc_64/lib/libQt6Svg.prl
2025-10-13 00:24:07,040 - aqt.updater - INFO - updater 140505214643072 Patching /home/runner/work/TigertCAD/Qt/6.8.3/gcc_64/lib/libQt6OpenGL.prl
2025-10-13 00:24:07,041 - aqt.updater - INFO - updater 140505214643072 Patching /home/runner/work/TigertCAD/Qt/6.8.3/gcc_64/lib/libQt6QmlLocalStorage.prl
2025-10-13 00:24:07,041 - aqt.updater - INFO - updater 140505214643072 Patching /home/runner/work/TigertCAD/Qt/6.8.3/gcc_64/lib/libQt6QuickEffects.prl
2025-10-13 00:24:07,041 - aqt.updater - INFO - updater 140505214643072 Patching /home/runner/work/TigertCAD/Qt/6.8.3/gcc_64/lib/libQt6Gui.prl
2025-10-13 00:24:07,041 - aqt.updater - INFO - updater 140505214643072 Patching /home/runner/work/TigertCAD/Qt/6.8.3/gcc_64/lib/libQt6Network.prl
2025-10-13 00:24:07,042 - aqt.updater - INFO - updater 140505214643072 Patching /home/runner/work/TigertCAD/Qt/6.8.3/gcc_64/lib/libQt6QuickControls2FluentWinUI3StyleImpl.prl
2025-10-13 00:24:07,042 - aqt.updater - INFO - updater 140505214643072 Patching /home/runner/work/TigertCAD/Qt/6.8.3/gcc_64/lib/libQt6WaylandEglClientHwIntegration.prl
2025-10-13 00:24:07,042 - aqt.updater - INFO - updater 140505214643072 Patching /home/runner/work/TigertCAD/Qt/6.8.3/gcc_64/lib/libQt6Quick.prl
2025-10-13 00:24:07,042 - aqt.updater - INFO - updater 140505214643072 Patching /home/runner/work/TigertCAD/Qt/6.8.3/gcc_64/lib/libQt6QuickVectorImage.prl
2025-10-13 00:24:07,042 - aqt.updater - INFO - updater 140505214643072 Patching /home/runner/work/TigertCAD/Qt/6.8.3/gcc_64/lib/libQt6QuickControls2.prl
2025-10-13 00:24:07,043 - aqt.updater - INFO - updater 140505214643072 Patching /home/runner/work/TigertCAD/Qt/6.8.3/gcc_64/lib/libQt6QuickControls2BasicStyleImpl.prl
2025-10-13 00:24:07,043 - aqt.updater - INFO - updater 140505214643072 Patching /home/runner/work/TigertCAD/Qt/6.8.3/gcc_64/lib/libQt6QmlNetwork.prl
2025-10-13 00:24:07,043 - aqt.updater - INFO - updater 140505214643072 Patching /home/runner/work/TigertCAD/Qt/6.8.3/gcc_64/lib/libQt6ExampleIcons.prl
2025-10-13 00:24:07,043 - aqt.updater - INFO - updater 140505214643072 Patching /home/runner/work/TigertCAD/Qt/6.8.3/gcc_64/lib/libQt6WlShellIntegration.prl
2025-10-13 00:24:07,044 - aqt.updater - INFO - updater 140505214643072 Patching /home/runner/work/TigertCAD/Qt/6.8.3/gcc_64/lib/libQt6LabsQmlModels.prl
2025-10-13 00:24:07,044 - aqt.updater - INFO - updater 140505214643072 Patching /home/runner/work/TigertCAD/Qt/6.8.3/gcc_64/lib/libQt6QuickDialogs2.prl
2025-10-13 00:24:07,044 - aqt.updater - INFO - updater 140505214643072 Patching /home/runner/work/TigertCAD/Qt/6.8.3/gcc_64/lib/libQt6QuickVectorImageGenerator.prl
2025-10-13 00:24:07,044 - aqt.updater - INFO - updater 140505214643072 Patching /home/runner/work/TigertCAD/Qt/6.8.3/gcc_64/lib/libQt6DesignerComponents.prl
2025-10-13 00:24:07,045 - aqt.updater - INFO - updater 140505214643072 Patching /home/runner/work/TigertCAD/Qt/6.8.3/gcc_64/lib/libQt6FbSupport.prl
2025-10-13 00:24:07,045 - aqt.updater - INFO - updater 140505214643072 Patching /home/runner/work/TigertCAD/Qt/6.8.3/gcc_64/lib/libQt6SvgWidgets.prl
2025-10-13 00:24:07,045 - aqt.updater - INFO - updater 140505214643072 Patching /home/runner/work/TigertCAD/Qt/6.8.3/gcc_64/lib/libQt6QuickWidgets.prl
2025-10-13 00:24:07,045 - aqt.updater - INFO - updater 140505214643072 Patching /home/runner/work/TigertCAD/Qt/6.8.3/gcc_64/lib/libQt6QmlMeta.prl
2025-10-13 00:24:07,045 - aqt.updater - INFO - updater 140505214643072 Patching /home/runner/work/TigertCAD/Qt/6.8.3/gcc_64/lib/libQt6QmlWorkerScript.prl
2025-10-13 00:24:07,046 - aqt.updater - INFO - updater 140505214643072 Patching /home/runner/work/TigertCAD/Qt/6.8.3/gcc_64/lib/libQt6LabsFolderListModel.prl
2025-10-13 00:24:07,046 - aqt.updater - INFO - updater 140505214643072 Patching /home/runner/work/TigertCAD/Qt/6.8.3/gcc_64/lib/libQt6QuickDialogs2Utils.prl
2025-10-13 00:24:07,046 - aqt.updater - INFO - updater 140505214643072 Patching /home/runner/work/TigertCAD/Qt/6.8.3/gcc_64/lib/libQt6QuickControls2ImagineStyleImpl.prl
2025-10-13 00:24:07,046 - aqt.updater - INFO - updater 140505214643072 Patching /home/runner/work/TigertCAD/Qt/6.8.3/gcc_64/lib/libQt6QmlToolingSettings.prl
2025-10-13 00:24:07,047 - aqt.updater - INFO - updater 140505214643072 Patching /home/runner/work/TigertCAD/Qt/6.8.3/gcc_64/lib/libQt6QmlLS.prl
2025-10-13 00:24:07,047 - aqt.updater - INFO - updater 140505214643072 Patching /home/runner/work/TigertCAD/Qt/6.8.3/gcc_64/lib/libQt6QuickTest.prl
2025-10-13 00:24:07,047 - aqt.updater - INFO - updater 140505214643072 Patching /home/runner/work/TigertCAD/Qt/6.8.3/gcc_64/lib/libQt6QuickControlsTestUtils.prl
2025-10-13 00:24:07,047 - aqt.updater - INFO - updater 140505214643072 Patching /home/runner/work/TigertCAD/Qt/6.8.3/gcc_64/lib/libQt6Concurrent.prl
2025-10-13 00:24:07,048 - aqt.updater - INFO - updater 140505214643072 Patching /home/runner/work/TigertCAD/Qt/6.8.3/gcc_64/lib/libQt6KmsSupport.prl
2025-10-13 00:24:07,048 - aqt.updater - INFO - updater 140505214643072 Patching /home/runner/work/TigertCAD/Qt/6.8.3/gcc_64/lib/libQt6QuickControls2MaterialStyleImpl.prl
2025-10-13 00:24:07,048 - aqt.updater - INFO - updater 140505214643072 Patching /home/runner/work/TigertCAD/Qt/6.8.3/gcc_64/lib/libQt6Help.prl
2025-10-13 00:24:07,048 - aqt.updater - INFO - updater 140505214643072 Patching /home/runner/work/TigertCAD/Qt/6.8.3/gcc_64/lib/libQt6Xml.prl
2025-10-13 00:24:07,048 - aqt.updater - INFO - updater 140505214643072 Patching /home/runner/work/TigertCAD/Qt/6.8.3/gcc_64/lib/libQt6EglFsKmsGbmSupport.prl
2025-10-13 00:24:07,049 - aqt.updater - INFO - updater 140505214643072 Patching /home/runner/work/TigertCAD/Qt/6.8.3/gcc_64/lib/libQt6DBus.prl
2025-10-13 00:24:07,049 - aqt.updater - INFO - updater 140505214643072 Patching /home/runner/work/TigertCAD/Qt/6.8.3/gcc_64/lib/libQt6QuickDialogs2QuickImpl.prl
2025-10-13 00:24:07,049 - aqt.updater - INFO - updater 140505214643072 Patching /home/runner/work/TigertCAD/Qt/6.8.3/gcc_64/lib/libQt6EglFSDeviceIntegration.prl
2025-10-13 00:24:07,049 - aqt.updater - INFO - updater 140505214643072 Patching /home/runner/work/TigertCAD/Qt/6.8.3/gcc_64/lib/libQt6InputSupport.prl
2025-10-13 00:24:07,050 - aqt.updater - INFO - updater 140505214643072 Patching /home/runner/work/TigertCAD/Qt/6.8.3/gcc_64/lib/libQt6Widgets.prl
2025-10-13 00:24:07,050 - aqt.updater - INFO - updater 140505214643072 Patching /home/runner/work/TigertCAD/Qt/6.8.3/gcc_64/lib/libQt6Sql.prl
2025-10-13 00:24:07,050 - aqt.updater - INFO - updater 140505214643072 Patching /home/runner/work/TigertCAD/Qt/6.8.3/gcc_64/lib/libQt6QuickTestUtils.prl
2025-10-13 00:24:07,050 - aqt.updater - INFO - updater 140505214643072 Patching /home/runner/work/TigertCAD/Qt/6.8.3/gcc_64/lib/libQt6QmlModels.prl
2025-10-13 00:24:07,051 - aqt.updater - INFO - updater 140505214643072 Patching /home/runner/work/TigertCAD/Qt/6.8.3/gcc_64/lib/libQt6QuickControls2Basic.prl
2025-10-13 00:24:07,051 - aqt.updater - INFO - updater 140505214643072 Patching /home/runner/work/TigertCAD/Qt/6.8.3/gcc_64/lib/libQt6QuickTemplates2.prl
2025-10-13 00:24:07,051 - aqt.updater - INFO - updater 140505214643072 Patching /home/runner/work/TigertCAD/Qt/6.8.3/gcc_64/lib/libQt6UiTools.prl
2025-10-13 00:24:07,051 - aqt.updater - INFO - updater 140505214643072 Patching /home/runner/work/TigertCAD/Qt/6.8.3/gcc_64/lib/libQt6QmlDebug.prl
2025-10-13 00:24:07,052 - aqt.updater - INFO - updater 140505214643072 Patching /home/runner/work/TigertCAD/Qt/6.8.3/gcc_64/lib/libQt6QuickControls2Imagine.prl
2025-10-13 00:24:07,052 - aqt.updater - INFO - updater 140505214643072 Patching /home/runner/work/TigertCAD/Qt/6.8.3/gcc_64/lib/libQt6WaylandClient.prl
2025-10-13 00:24:07,052 - aqt.updater - INFO - updater 140505214643072 Patching /home/runner/work/TigertCAD/Qt/6.8.3/gcc_64/lib/libQt6PacketProtocol.prl
2025-10-13 00:24:07,052 - aqt.updater - INFO - updater 140505214643072 Patching /home/runner/work/TigertCAD/Qt/6.8.3/gcc_64/lib/libQt6OpenGLWidgets.prl
2025-10-13 00:24:07,052 - aqt.updater - INFO - updater 140505214643072 Patching /home/runner/work/TigertCAD/Qt/6.8.3/gcc_64/lib/libQt6LabsPlatform.prl
2025-10-13 00:24:07,053 - aqt.updater - INFO - updater 140505214643072 Patching /home/runner/work/TigertCAD/Qt/6.8.3/gcc_64/lib/libQt6Core.prl
2025-10-13 00:24:07,053 - aqt.updater - INFO - updater 140505214643072 Patching /home/runner/work/TigertCAD/Qt/6.8.3/gcc_64/lib/libQt6QuickControls2FusionStyleImpl.prl
2025-10-13 00:24:07,053 - aqt.updater - INFO - updater 140505214643072 Patching /home/runner/work/TigertCAD/Qt/6.8.3/gcc_64/lib/libQt6LabsSettings.prl
2025-10-13 00:24:07,053 - aqt.updater - INFO - updater 140505214643072 Patching /home/runner/work/TigertCAD/Qt/6.8.3/gcc_64/lib/libQt6QmlDom.prl
2025-10-13 00:24:07,053 - aqt.updater - INFO - updater 140505214643072 Patching /home/runner/work/TigertCAD/Qt/6.8.3/gcc_64/lib/libQt6Qml.prl
2025-10-13 00:24:07,054 - aqt.updater - INFO - updater 140505214643072 Patching /home/runner/work/TigertCAD/Qt/6.8.3/gcc_64/lib/libQt6QuickControls2UniversalStyleImpl.prl
2025-10-13 00:24:07,054 - aqt.updater - INFO - updater 140505214643072 Patching /home/runner/work/TigertCAD/Qt/6.8.3/gcc_64/lib/libQt6QuickLayouts.prl
2025-10-13 00:24:07,054 - aqt.updater - INFO - updater 140505214643072 Patching /home/runner/work/TigertCAD/Qt/6.8.3/gcc_64/lib/libQt6QuickControls2Impl.prl
2025-10-13 00:24:07,054 - aqt.updater - INFO - updater 140505214643072 Patching /home/runner/work/TigertCAD/Qt/6.8.3/gcc_64/lib/libQt6XcbQpa.prl
2025-10-13 00:24:07,055 - aqt.updater - INFO - updater 140505214643072 Patching /home/runner/work/TigertCAD/Qt/6.8.3/gcc_64/lib/libQt6QuickShapes.prl
2025-10-13 00:24:07,055 - aqt.updater - INFO - updater 140505214643072 Patching /home/runner/work/TigertCAD/Qt/6.8.3/gcc_64/lib/libQt6DeviceDiscoverySupport.prl
2025-10-13 00:24:07,055 - aqt.updater - INFO - updater 140505214643072 Patching /home/runner/work/TigertCAD/Qt/6.8.3/gcc_64/lib/libQt6QmlCompiler.prl
2025-10-13 00:24:07,055 - aqt.updater - INFO - updater 140505214643072 Patching /home/runner/work/TigertCAD/Qt/6.8.3/gcc_64/lib/libQt6QuickParticles.prl
2025-10-13 00:24:07,056 - aqt.updater - INFO - updater 140505214643072 Patching /home/runner/work/TigertCAD/Qt/6.8.3/gcc_64/lib/libQt6QuickControls2Universal.prl
2025-10-13 00:24:07,056 - aqt.updater - INFO - updater 140505214643072 Patching /home/runner/work/TigertCAD/Qt/6.8.3/gcc_64/lib/libQt6LabsWavefrontMesh.prl
2025-10-13 00:24:07,056 - aqt.updater - INFO - updater 140505214643072 Patching /home/runner/work/TigertCAD/Qt/6.8.3/gcc_64/lib/libQt6QmlXmlListModel.prl
2025-10-13 00:24:07,056 - aqt.updater - INFO - updater 140505214643072 Patching /home/runner/work/TigertCAD/Qt/6.8.3/gcc_64/lib/libQt6EglFsKmsSupport.prl
2025-10-13 00:24:07,057 - aqt.updater - INFO - updater 140505214643072 Patching /home/runner/work/TigertCAD/Qt/6.8.3/gcc_64/lib/libQt6LabsSharedImage.prl
2025-10-13 00:24:07,057 - aqt.updater - INFO - updater 140505214643072 Patching /home/runner/work/TigertCAD/Qt/6.8.3/gcc_64/lib/libQt6PrintSupport.prl
2025-10-13 00:24:07,057 - aqt.updater - INFO - updater 140505214643072 Patching /home/runner/work/TigertCAD/Qt/6.8.3/gcc_64/lib/libQt6QuickControls2Fusion.prl
2025-10-13 00:24:07,057 - aqt.updater - INFO - updater 140505214643072 Patching /home/runner/work/TigertCAD/Qt/6.8.3/gcc_64/lib/libQt6Designer.prl
2025-10-13 00:24:07,058 - aqt.updater - INFO - updater 140505214643072 Patching /home/runner/work/TigertCAD/Qt/6.8.3/gcc_64/lib/libQt6ExamplesAssetDownloader.prl
2025-10-13 00:24:07,058 - aqt.updater - INFO - updater 140505214643072 Patching /home/runner/work/TigertCAD/Qt/6.8.3/gcc_64/lib/libQt6QmlTypeRegistrar.prl
2025-10-13 00:24:07,058 - aqt.updater - INFO - updater 140505214643072 Patching /home/runner/work/TigertCAD/Qt/6.8.3/gcc_64/lib/libQt6LabsAnimation.prl
2025-10-13 00:24:07,058 - aqt.updater - INFO - updater 140505214643072 Patching /home/runner/work/TigertCAD/Qt/6.8.3/gcc_64/lib/libQt6QuickControls2Material.prl
2025-10-13 00:24:07,058 - aqt.updater - INFO - updater 140505214643072 Patching /home/runner/work/TigertCAD/Qt/6.8.3/gcc_64/lib/libQt6QmlCore.prl
2025-10-13 00:24:07,059 - aqt.updater - INFO - updater 140505214643072 Patching /home/runner/work/TigertCAD/Qt/6.8.3/gcc_64/lib/libQt6QmlAssetDownloader.prl
2025-10-13 00:24:07,059 - aqt.updater - INFO - updater 140505214643072 Patching /home/runner/work/TigertCAD/Qt/6.8.3/gcc_64/lib/libQt6Test.prl
2025-10-13 00:24:07,059 - aqt.main - INFO - installer 140505214643072 Finished installation
2025-10-13 00:24:07,059 - aqt.main - INFO - installer 140505214643072 Time elapsed: 20.46931507 second
